<?xml version="1.0" encoding="UTF-8"?>
<!-- Generated by org.testng.reporters.JUnitReportReporter -->
<testsuite hostname="sirishas-Air.hitronhub.home" failures="0" tests="3" name="com.crm.qa.testcases.LoginPageTest" time="17.472" errors="0" timestamp="2021-08-10T18:04:40 CDT" skipped="0">
  <testcase classname="com.crm.qa.testcases.LoginPageTest" name="loginpageTitleTest" time="4.273"/>
  <system-out/>
  <testcase classname="com.crm.qa.testcases.LoginPageTest" name="crmLogoTest" time="3.493"/>
  <system-out/>
  <testcase classname="com.crm.qa.testcases.LoginPageTest" name="loginPageTest" time="9.706"/>
  <system-out/>
</testsuite> <!-- com.crm.qa.testcases.LoginPageTest -->
