<?xml version="1.0" encoding="UTF-8"?>
<!-- Generated by org.testng.reporters.JUnitReportReporter -->
<testsuite hostname="sirishas-Air.hitronhub.home" failures="0" tests="6" name="com.crm.qa.testcases.HomePageTest" time="53.418" errors="0" timestamp="2021-08-10T17:21:11 CDT" skipped="0">
  <testcase classname="com.crm.qa.testcases.HomePageTest" name="verifyHomePageTitleTest" time="7.914"/>
  <system-out/>
  <testcase classname="com.crm.qa.testcases.HomePageTest" name="verifyCorrectUserName" time="8.150"/>
  <system-out/>
  <testcase classname="com.crm.qa.testcases.HomePageTest" name="verifyContactsLinkTest" time="10.213"/>
  <system-out/>
  <testcase classname="com.crm.qa.testcases.HomePageTest" name="verifyNewContactsLinkTest" time="9.177"/>
  <system-out/>
  <testcase classname="com.crm.qa.testcases.HomePageTest" name="verifyDealsLinkTest" time="8.858"/>
  <system-out/>
  <testcase classname="com.crm.qa.testcases.HomePageTest" name="verifyNewDealLinkTest" time="9.106"/>
  <system-out/>
</testsuite> <!-- com.crm.qa.testcases.HomePageTest -->
