<?xml version="1.0" encoding="UTF-8"?>
<!-- Generated by org.testng.reporters.JUnitReportReporter -->
<testsuite hostname="sirishas-Air.hitronhub.home" failures="0" tests="3" name="com.crm.qa.testcases.LoginPageTest" time="17.432" errors="0" timestamp="2021-08-12T16:07:59 CDT" skipped="0">
  <testcase classname="com.crm.qa.testcases.LoginPageTest" name="loginpageTitleTest" time="3.481"/>
  <system-out/>
  <testcase classname="com.crm.qa.testcases.LoginPageTest" name="crmLogoTest" time="6.074"/>
  <system-out/>
  <testcase classname="com.crm.qa.testcases.LoginPageTest" name="loginPageTest" time="7.877"/>
  <system-out/>
</testsuite> <!-- com.crm.qa.testcases.LoginPageTest -->
