<?xml version="1.0" encoding="UTF-8"?>
<!-- Generated by org.testng.reporters.JUnitReportReporter -->
<testsuite hostname="sirishas-Air.hitronhub.home" failures="0" tests="4" name="com.crm.qa.testdata.LoginPageTest" time="19.904" errors="0" timestamp="2021-08-03T13:18:05 CDT" skipped="2">
  <testcase classname="com.crm.qa.testdata.LoginPageTest" name="initialization" time="8.594"/>
  <system-out/>
  <testcase classname="com.crm.qa.testdata.LoginPageTest" name="loginPageTest" time="11.310"/>
  <system-out/>
  <testcase classname="com.crm.qa.testdata.LoginPageTest" name="loginpageTitleTest">
    <skipped/>
  </testcase> <!-- loginpageTitleTest -->
  <system-out/>
  <testcase classname="com.crm.qa.testdata.LoginPageTest" name="crmLogoTest">
    <skipped/>
  </testcase> <!-- crmLogoTest -->
  <system-out/>
</testsuite> <!-- com.crm.qa.testdata.LoginPageTest -->
