<?xml version="1.0" encoding="UTF-8"?>
<!-- Generated by org.testng.reporters.JUnitReportReporter -->
<testsuite hostname="sirishas-Air.hitronhub.home" failures="0" tests="4" name="com.crm.qa.testdata.ContactPageTest" time="38.304" errors="0" timestamp="2021-08-03T18:31:12 CDT" skipped="0">
  <testcase classname="com.crm.qa.testdata.ContactPageTest" name="initialization" time="11.349"/>
  <system-out/>
  <testcase classname="com.crm.qa.testdata.ContactPageTest" name="verifyContactsLabelTest" time="10.207"/>
  <system-out/>
  <testcase classname="com.crm.qa.testdata.ContactPageTest" name="selectContactTest" time="8.411"/>
  <system-out/>
  <testcase classname="com.crm.qa.testdata.ContactPageTest" name="selectMultipleContactTest" time="8.337"/>
  <system-out/>
</testsuite> <!-- com.crm.qa.testdata.ContactPageTest -->
