<?xml version="1.0" encoding="UTF-8"?>
<!-- Generated by org.testng.reporters.JUnitReportReporter -->
<testsuite hostname="sirishas-Air.hitronhub.home" failures="0" tests="6" name="com.crm.qa.testcases.HomePageTest" time="51.024" errors="0" timestamp="2021-08-12T16:07:59 CDT" skipped="0">
  <testcase classname="com.crm.qa.testcases.HomePageTest" name="verifyHomePageTitleTest" time="7.856"/>
  <system-out/>
  <testcase classname="com.crm.qa.testcases.HomePageTest" name="verifyCorrectUserName" time="8.250"/>
  <system-out/>
  <testcase classname="com.crm.qa.testcases.HomePageTest" name="verifyContactsLinkTest" time="8.390"/>
  <system-out/>
  <testcase classname="com.crm.qa.testcases.HomePageTest" name="verifyNewContactsLinkTest" time="8.975"/>
  <system-out/>
  <testcase classname="com.crm.qa.testcases.HomePageTest" name="verifyDealsLinkTest" time="8.541"/>
  <system-out/>
  <testcase classname="com.crm.qa.testcases.HomePageTest" name="verifyNewDealLinkTest" time="9.012"/>
  <system-out/>
</testsuite> <!-- com.crm.qa.testcases.HomePageTest -->
