<?xml version="1.0" encoding="UTF-8"?>
<!-- Generated by org.testng.reporters.JUnitReportReporter -->
<testsuite hostname="sirishas-Air.hitronhub.home" failures="0" tests="5" name="com.crm.qa.testcases.ContactPageTest" time="0.000" errors="0" timestamp="2021-08-07T16:33:20 CDT" skipped="5">
  <testcase classname="com.crm.qa.testcases.ContactPageTest" name="validateCreateNewContact" time="0.000">
    <skipped/>
  </testcase> <!-- validateCreateNewContact -->
  <system-out/>
  <testcase classname="com.crm.qa.testcases.ContactPageTest" name="selectMultipleContactTest">
    <skipped/>
  </testcase> <!-- selectMultipleContactTest -->
  <system-out/>
  <testcase classname="com.crm.qa.testcases.ContactPageTest" name="selectContactTest">
    <skipped/>
  </testcase> <!-- selectContactTest -->
  <system-out/>
  <testcase classname="com.crm.qa.testcases.ContactPageTest" name="verifyContactsLabelTest">
    <skipped/>
  </testcase> <!-- verifyContactsLabelTest -->
  <system-out/>
  <testcase classname="com.crm.qa.testcases.ContactPageTest" name="validateCreatedContactTest">
    <skipped/>
  </testcase> <!-- validateCreatedContactTest -->
  <system-out/>
</testsuite> <!-- com.crm.qa.testcases.ContactPageTest -->
