<?xml version="1.0" encoding="UTF-8"?>
<!-- Generated by org.testng.reporters.JUnitReportReporter -->
<testsuite hostname="sirishas-Air.hitronhub.home" failures="0" tests="3" name="com.crm.qa.testdata.HomePageTest" time="29.167" errors="0" timestamp="2021-08-03T17:58:31 CDT" skipped="0">
  <testcase classname="com.crm.qa.testdata.HomePageTest" name="initialization" time="12.355"/>
  <system-out/>
  <testcase classname="com.crm.qa.testdata.HomePageTest" name="verifyHomePageTitleTest" time="9.822"/>
  <system-out/>
  <testcase classname="com.crm.qa.testdata.HomePageTest" name="verifyCorrectUserName" time="6.990"/>
  <system-out/>
</testsuite> <!-- com.crm.qa.testdata.HomePageTest -->
